------------------------------------------------------------------------------------------------------------------------

[2022-11-16 09:21:10 #1 store] 
Database '/home/vinci/eclipse-workspace/BetsDAO/src/main/resources/bets.temp' has been recovered (tr. 25-29)

[2022-11-16 09:21:10 #2 store] 
Database '/home/vinci/eclipse-workspace/BetsDAO/src/main/resources/bets.temp' is opened by 23519@vinci

[2022-11-16 09:21:10 #3 type] 
Type domain.Event is not enhanced.

[2022-11-16 09:21:10 #4 type] 
Type domain.Question is not enhanced.

------------------------------------------------------------------------------------------------------------------------

[2022-11-16 10:21:02 #1 store] 
Database '/home/vinci/eclipse-workspace/BetsDAO/src/main/resources/bets.temp' is opened by 27593@vinci

[2022-11-16 10:21:02 #2 type.registry] 
New type domain.Question

[2022-11-16 10:21:02 #3 type] 
Type domain.Question is not enhanced.

[2022-11-16 10:21:02 #4 type.registry] 
New type domain.Event

[2022-11-16 10:21:02 #5 type] 
Type domain.Event is not enhanced.

[2022-11-16 10:21:02 #6 type.registry] 
New type java.util.Vector<domain.Question>

[2022-11-16 10:21:02 #7 type.registry] 
New type java.util.Vector<java.lang.Object>

------------------------------------------------------------------------------------------------------------------------

[2022-11-16 10:23:24 #1 store] 
Database '/home/vinci/eclipse-workspace/BetsDAO/src/main/resources/bets.temp' is opened by 27731@vinci

[2022-11-16 10:23:24 #2 type.registry] 
New type domain.Question

[2022-11-16 10:23:24 #3 type] 
Type domain.Question is not enhanced.

[2022-11-16 10:23:24 #4 type.registry] 
New type domain.Event

[2022-11-16 10:23:24 #5 type] 
Type domain.Event is not enhanced.

[2022-11-16 10:23:24 #6 type.registry] 
New type java.util.Vector<domain.Question>

[2022-11-16 10:23:24 #7 type.registry] 
New type java.util.Vector<java.lang.Object>

