------------------------------------------------------------------------------------------------------------------------

[2022-11-17 12:11:24 #1 store] 
Database '/home/vinci/eclipse-workspace/BetsDAO/src/main/resources/bets.temp' is opened by 27203@vinci

[2022-11-17 12:11:24 #2 type.registry] 
New type domain.Question

[2022-11-17 12:11:24 #3 type] 
Type domain.Question is not enhanced.

[2022-11-17 12:11:24 #4 type.registry] 
New type domain.Event

[2022-11-17 12:11:24 #5 type] 
Type domain.Event is not enhanced.

[2022-11-17 12:11:24 #6 type.registry] 
New type java.util.Vector<domain.Question>

[2022-11-17 12:11:24 #7 type.registry] 
New type java.util.Vector<java.lang.Object>

------------------------------------------------------------------------------------------------------------------------

[2022-11-17 12:47:38 #1 store] 
Database '/home/vinci/eclipse-workspace/BetsDAO/src/main/resources/bets.temp' is opened by 30522@vinci

[2022-11-17 12:47:38 #2 type.registry] 
New type domain.Question

[2022-11-17 12:47:38 #3 type] 
Type domain.Question is not enhanced.

[2022-11-17 12:47:38 #4 type.registry] 
New type domain.Event

[2022-11-17 12:47:38 #5 type] 
Type domain.Event is not enhanced.

[2022-11-17 12:47:38 #6 type.registry] 
New type java.util.Vector<domain.Question>

[2022-11-17 12:47:38 #7 type.registry] 
New type java.util.Vector<java.lang.Object>

